<?xml version="1.0" encoding="UTF-8"?>
<!-- Generated by org.testng.reporters.JUnitXMLReporter -->
<testsuite ignored="0" hostname="PC-685" failures="0" tests="7" name="LoanCalculatorTests" time="46.692" errors="0" timestamp="2024-08-07T16:20:36 EEST">
  <testcase classname="com.example.LoanCalculatorTest" name="DefaultLoanAmountTest" time="0.05"/>
  <testcase classname="com.example.LoanCalculatorTest" name="DefaultLoanPeriodTest" time="4.455"/>
  <testcase classname="com.example.LoanCalculatorTest" name="InvalidLoanAmountTest" time="2.313"/>
  <testcase classname="com.example.LoanCalculatorTest" name="InvalidLoanPeriodTest" time="2.281"/>
  <testcase classname="com.example.LoanCalculatorTest" name="UpdateLoanAmountTest" time="2.276"/>
  <testcase classname="com.example.LoanCalculatorTest" name="UpdateLoanPeriodTest" time="2.297"/>
  <testcase classname="com.example.LoanCalculatorTest" name="openLoanPageTest" time="0.012"/>
</testsuite> <!-- LoanCalculatorTests -->
