<?xml version="1.0" encoding="UTF-8"?>
<testng-results ignored="0" total="7" passed="7" failed="0" skipped="0">
  <reporter-output>
  </reporter-output>
  <suite started-at="2024-08-07T16:19:49 EEST" name="Suite" finished-at="2024-08-07T16:20:36 EEST" duration-ms="46692">
    <groups>
    </groups>
    <test started-at="2024-08-07T16:19:49 EEST" name="LoanCalculatorTests" finished-at="2024-08-07T16:20:36 EEST" duration-ms="46692">
      <class name="com.example.LoanCalculatorTest">
        <test-method is-config="true" signature="setUp()[pri:0, instance:com.example.LoanCalculatorTest@5876a9af]" started-at="2024-08-07T16:19:49 EEST" name="setUp" finished-at="2024-08-07T16:19:55 EEST" duration-ms="5477" status="PASS">
          <reporter-output>
          </reporter-output>
        </test-method> <!-- setUp -->
        <test-method signature="DefaultLoanAmountTest()[pri:0, instance:com.example.LoanCalculatorTest@5876a9af]" started-at="2024-08-07T16:19:55 EEST" name="DefaultLoanAmountTest" finished-at="2024-08-07T16:19:55 EEST" duration-ms="50" status="PASS">
          <reporter-output>
          </reporter-output>
        </test-method> <!-- DefaultLoanAmountTest -->
        <test-method is-config="true" signature="tearDown()[pri:0, instance:com.example.LoanCalculatorTest@5876a9af]" started-at="2024-08-07T16:19:55 EEST" name="tearDown" finished-at="2024-08-07T16:19:55 EEST" duration-ms="170" status="PASS">
          <reporter-output>
          </reporter-output>
        </test-method> <!-- tearDown -->
        <test-method is-config="true" signature="setUp()[pri:0, instance:com.example.LoanCalculatorTest@5876a9af]" started-at="2024-08-07T16:19:55 EEST" name="setUp" finished-at="2024-08-07T16:19:59 EEST" duration-ms="4278" status="PASS">
          <reporter-output>
          </reporter-output>
        </test-method> <!-- setUp -->
        <test-method signature="DefaultLoanPeriodTest()[pri:0, instance:com.example.LoanCalculatorTest@5876a9af]" started-at="2024-08-07T16:19:59 EEST" name="DefaultLoanPeriodTest" finished-at="2024-08-07T16:20:04 EEST" duration-ms="4455" status="PASS">
          <reporter-output>
          </reporter-output>
        </test-method> <!-- DefaultLoanPeriodTest -->
        <test-method is-config="true" signature="tearDown()[pri:0, instance:com.example.LoanCalculatorTest@5876a9af]" started-at="2024-08-07T16:20:04 EEST" name="tearDown" finished-at="2024-08-07T16:20:04 EEST" duration-ms="228" status="PASS">
          <reporter-output>
          </reporter-output>
        </test-method> <!-- tearDown -->
        <test-method is-config="true" signature="setUp()[pri:0, instance:com.example.LoanCalculatorTest@5876a9af]" started-at="2024-08-07T16:20:04 EEST" name="setUp" finished-at="2024-08-07T16:20:08 EEST" duration-ms="4349" status="PASS">
          <reporter-output>
          </reporter-output>
        </test-method> <!-- setUp -->
        <test-method signature="InvalidLoanAmountTest()[pri:0, instance:com.example.LoanCalculatorTest@5876a9af]" started-at="2024-08-07T16:20:08 EEST" name="InvalidLoanAmountTest" finished-at="2024-08-07T16:20:11 EEST" duration-ms="2313" status="PASS">
          <reporter-output>
          </reporter-output>
        </test-method> <!-- InvalidLoanAmountTest -->
        <test-method is-config="true" signature="tearDown()[pri:0, instance:com.example.LoanCalculatorTest@5876a9af]" started-at="2024-08-07T16:20:11 EEST" name="tearDown" finished-at="2024-08-07T16:20:11 EEST" duration-ms="178" status="PASS">
          <reporter-output>
          </reporter-output>
        </test-method> <!-- tearDown -->
        <test-method is-config="true" signature="setUp()[pri:0, instance:com.example.LoanCalculatorTest@5876a9af]" started-at="2024-08-07T16:20:11 EEST" name="setUp" finished-at="2024-08-07T16:20:15 EEST" duration-ms="4379" status="PASS">
          <reporter-output>
          </reporter-output>
        </test-method> <!-- setUp -->
        <test-method signature="InvalidLoanPeriodTest()[pri:0, instance:com.example.LoanCalculatorTest@5876a9af]" started-at="2024-08-07T16:20:15 EEST" name="InvalidLoanPeriodTest" finished-at="2024-08-07T16:20:18 EEST" duration-ms="2281" status="PASS">
          <reporter-output>
          </reporter-output>
        </test-method> <!-- InvalidLoanPeriodTest -->
        <test-method is-config="true" signature="tearDown()[pri:0, instance:com.example.LoanCalculatorTest@5876a9af]" started-at="2024-08-07T16:20:18 EEST" name="tearDown" finished-at="2024-08-07T16:20:18 EEST" duration-ms="221" status="PASS">
          <reporter-output>
          </reporter-output>
        </test-method> <!-- tearDown -->
        <test-method is-config="true" signature="setUp()[pri:0, instance:com.example.LoanCalculatorTest@5876a9af]" started-at="2024-08-07T16:20:18 EEST" name="setUp" finished-at="2024-08-07T16:20:22 EEST" duration-ms="4295" status="PASS">
          <reporter-output>
          </reporter-output>
        </test-method> <!-- setUp -->
        <test-method signature="UpdateLoanAmountTest()[pri:0, instance:com.example.LoanCalculatorTest@5876a9af]" started-at="2024-08-07T16:20:22 EEST" name="UpdateLoanAmountTest" finished-at="2024-08-07T16:20:24 EEST" duration-ms="2276" status="PASS">
          <reporter-output>
          </reporter-output>
        </test-method> <!-- UpdateLoanAmountTest -->
        <test-method is-config="true" signature="tearDown()[pri:0, instance:com.example.LoanCalculatorTest@5876a9af]" started-at="2024-08-07T16:20:24 EEST" name="tearDown" finished-at="2024-08-07T16:20:25 EEST" duration-ms="190" status="PASS">
          <reporter-output>
          </reporter-output>
        </test-method> <!-- tearDown -->
        <test-method is-config="true" signature="setUp()[pri:0, instance:com.example.LoanCalculatorTest@5876a9af]" started-at="2024-08-07T16:20:25 EEST" name="setUp" finished-at="2024-08-07T16:20:29 EEST" duration-ms="4437" status="PASS">
          <reporter-output>
          </reporter-output>
        </test-method> <!-- setUp -->
        <test-method signature="UpdateLoanPeriodTest()[pri:0, instance:com.example.LoanCalculatorTest@5876a9af]" started-at="2024-08-07T16:20:29 EEST" name="UpdateLoanPeriodTest" finished-at="2024-08-07T16:20:31 EEST" duration-ms="2297" status="PASS">
          <reporter-output>
          </reporter-output>
        </test-method> <!-- UpdateLoanPeriodTest -->
        <test-method is-config="true" signature="tearDown()[pri:0, instance:com.example.LoanCalculatorTest@5876a9af]" started-at="2024-08-07T16:20:31 EEST" name="tearDown" finished-at="2024-08-07T16:20:32 EEST" duration-ms="235" status="PASS">
          <reporter-output>
          </reporter-output>
        </test-method> <!-- tearDown -->
        <test-method is-config="true" signature="setUp()[pri:0, instance:com.example.LoanCalculatorTest@5876a9af]" started-at="2024-08-07T16:20:32 EEST" name="setUp" finished-at="2024-08-07T16:20:36 EEST" duration-ms="4332" status="PASS">
          <reporter-output>
          </reporter-output>
        </test-method> <!-- setUp -->
        <test-method signature="openLoanPageTest()[pri:0, instance:com.example.LoanCalculatorTest@5876a9af]" started-at="2024-08-07T16:20:36 EEST" name="openLoanPageTest" finished-at="2024-08-07T16:20:36 EEST" duration-ms="12" status="PASS">
          <reporter-output>
          </reporter-output>
        </test-method> <!-- openLoanPageTest -->
        <test-method is-config="true" signature="tearDown()[pri:0, instance:com.example.LoanCalculatorTest@5876a9af]" started-at="2024-08-07T16:20:36 EEST" name="tearDown" finished-at="2024-08-07T16:20:36 EEST" duration-ms="178" status="PASS">
          <reporter-output>
          </reporter-output>
        </test-method> <!-- tearDown -->
      </class> <!-- com.example.LoanCalculatorTest -->
    </test> <!-- LoanCalculatorTests -->
  </suite> <!-- Suite -->
</testng-results>
