<?xml version="1.0" encoding="UTF-8"?>
<testsuite xmlns:xsi="http://www.w3.org/2001/XMLSchema-instance" xsi:noNamespaceSchemaLocation="https://maven.apache.org/surefire/maven-surefire-plugin/xsd/surefire-test-report.xsd" version="3.0.2" name="TestSuite" time="47.298" tests="7" errors="0" skipped="0" failures="0">
  <properties>
[...]
</properties>
  <testcase name="DefaultLoanAmountTest" classname="com.example.LoanCalculatorTest" time="0.049">
    <system-err><![CDATA[SLF4J: Failed to load class "org.slf4j.impl.StaticLoggerBinder".
SLF4J: Defaulting to no-operation (NOP) logger implementation
SLF4J: See http://www.slf4j.org/codes.html#StaticLoggerBinder for further details.
]]></system-err>
  </testcase>
  <testcase name="DefaultLoanPeriodTest" classname="com.example.LoanCalculatorTest" time="4.455"/>
  <testcase name="InvalidLoanAmountTest" classname="com.example.LoanCalculatorTest" time="2.313"/>
  <testcase name="InvalidLoanPeriodTest" classname="com.example.LoanCalculatorTest" time="2.281"/>
  <testcase name="UpdateLoanAmountTest" classname="com.example.LoanCalculatorTest" time="2.276"/>
  <testcase name="UpdateLoanPeriodTest" classname="com.example.LoanCalculatorTest" time="2.296"/>
  <testcase name="openLoanPageTest" classname="com.example.LoanCalculatorTest" time="0.011"/>
</testsuite>